99.03.30 23:31 B Z:\mlpqSTO\res\drawtool.bmp <-- Cody's cse /home/grad/keshwani/mlpqSTO/res drawtool.bmp
99.03.30 23:31 B Z:\mlpqSTO\res\icon1.ico <-- Cody's cse /home/grad/keshwani/mlpqSTO/res icon1.ico
99.03.30 23:31 B Z:\mlpqSTO\res\idb.ico <-- Cody's cse /home/grad/keshwani/mlpqSTO/res idb.ico
99.03.30 23:31 B Z:\mlpqSTO\res\idb.rc2 <-- Cody's cse /home/grad/keshwani/mlpqSTO/res idb.rc2
99.03.30 23:31 B Z:\mlpqSTO\res\idbdoc.ico <-- Cody's cse /home/grad/keshwani/mlpqSTO/res idbdoc.ico
99.03.30 23:31 B Z:\mlpqSTO\res\pencil.cur <-- Cody's cse /home/grad/keshwani/mlpqSTO/res pencil.cur
99.03.30 23:31 B Z:\mlpqSTO\res\toolbar.bmp <-- Cody's cse /home/grad/keshwani/mlpqSTO/res toolbar.bmp
99.03.30 23:31 B Z:\mlpqSTO\res\toolbar1.bmp <-- Cody's cse /home/grad/keshwani/mlpqSTO/res toolbar1.bmp
99.04.01 13:43 B Z:\mlpqsto\res\drawtool.bmp --> cse.unl.edu /home/grad/keshwani/mlpqSTO/res drawtool.bmp
99.04.01 13:44 B Z:\mlpqsto\res\icon1.ico --> cse.unl.edu /home/grad/keshwani/mlpqSTO/res icon1.ico
99.04.01 13:44 B Z:\mlpqsto\res\idb.ico --> cse.unl.edu /home/grad/keshwani/mlpqSTO/res idb.ico
99.04.01 13:44 B Z:\mlpqsto\res\idb.rc2 --> cse.unl.edu /home/grad/keshwani/mlpqSTO/res idb.rc2
99.04.01 13:44 B Z:\mlpqsto\res\idbdoc.ico --> cse.unl.edu /home/grad/keshwani/mlpqSTO/res idbdoc.ico
99.04.01 13:44 B Z:\mlpqsto\res\pencil.cur --> cse.unl.edu /home/grad/keshwani/mlpqSTO/res pencil.cur
99.04.01 13:44 B Z:\mlpqsto\res\toolbar.bmp --> cse.unl.edu /home/grad/keshwani/mlpqSTO/res toolbar.bmp
99.04.01 13:44 B Z:\mlpqsto\res\toolbar1.bmp --> cse.unl.edu /home/grad/keshwani/mlpqSTO/res toolbar1.bmp
99.04.02 03:36 B c:\mlpqSTO\res\ws_ftp.log <-- cse.unl.edu /home/grad/keshwani/mlpqSTO/res ws_ftp.log
99.04.09 08:05 B c:\mlpqSTO\res\drawtool.bmp --> cse.unl.edu /home/grad/keshwani/mlpqSTO/res drawtool.bmp
99.04.09 08:05 B c:\mlpqSTO\res\icon1.ico --> cse.unl.edu /home/grad/keshwani/mlpqSTO/res icon1.ico
99.04.09 08:05 B c:\mlpqSTO\res\idb.ico --> cse.unl.edu /home/grad/keshwani/mlpqSTO/res idb.ico
99.04.09 08:05 B c:\mlpqSTO\res\idb.rc2 --> cse.unl.edu /home/grad/keshwani/mlpqSTO/res idb.rc2
99.04.09 08:05 B c:\mlpqSTO\res\idbdoc.ico --> cse.unl.edu /home/grad/keshwani/mlpqSTO/res idbdoc.ico
99.04.09 08:05 B c:\mlpqSTO\res\pencil.cur --> cse.unl.edu /home/grad/keshwani/mlpqSTO/res pencil.cur
99.04.09 08:05 B c:\mlpqSTO\res\Toolbar.bmp --> cse.unl.edu /home/grad/keshwani/mlpqSTO/res Toolbar.bmp
99.04.09 08:05 B c:\mlpqSTO\res\toolbar1.bmp --> cse.unl.edu /home/grad/keshwani/mlpqSTO/res toolbar1.bmp
99.04.09 08:05 B c:\mlpqSTO\res\WS_FTP.LOG --> cse.unl.edu /home/grad/keshwani/mlpqSTO/res WS_FTP.LOG
99.04.13 05:39 B c:\mlpqSTO\res\drawtool.bmp --> cse.unl.edu /home/grad/keshwani/mlpqSTO/res drawtool.bmp
99.04.13 05:39 B c:\mlpqSTO\res\icon1.ico --> cse.unl.edu /home/grad/keshwani/mlpqSTO/res icon1.ico
99.04.13 05:39 B c:\mlpqSTO\res\idb.ico --> cse.unl.edu /home/grad/keshwani/mlpqSTO/res idb.ico
99.04.13 05:39 B c:\mlpqSTO\res\idb.rc2 --> cse.unl.edu /home/grad/keshwani/mlpqSTO/res idb.rc2
99.04.13 05:39 B c:\mlpqSTO\res\idbdoc.ico --> cse.unl.edu /home/grad/keshwani/mlpqSTO/res idbdoc.ico
99.04.13 05:39 B c:\mlpqSTO\res\pencil.cur --> cse.unl.edu /home/grad/keshwani/mlpqSTO/res pencil.cur
99.04.13 05:39 B c:\mlpqSTO\res\Toolbar.bmp --> cse.unl.edu /home/grad/keshwani/mlpqSTO/res Toolbar.bmp
99.04.13 05:39 B c:\mlpqSTO\res\toolbar1.bmp --> cse.unl.edu /home/grad/keshwani/mlpqSTO/res toolbar1.bmp
99.04.13 05:39 B c:\mlpqSTO\res\WS_FTP.LOG --> cse.unl.edu /home/grad/keshwani/mlpqSTO/res WS_FTP.LOG
99.04.13 08:08 B c:\mlpqSTO\res\drawtool.bmp --> cse.unl.edu /home/grad/keshwani/mlpqSTO/res drawtool.bmp
99.04.13 08:08 B c:\mlpqSTO\res\icon1.ico --> cse.unl.edu /home/grad/keshwani/mlpqSTO/res icon1.ico
99.04.13 08:08 B c:\mlpqSTO\res\idb.ico --> cse.unl.edu /home/grad/keshwani/mlpqSTO/res idb.ico
99.04.13 08:08 B c:\mlpqSTO\res\idb.rc2 --> cse.unl.edu /home/grad/keshwani/mlpqSTO/res idb.rc2
99.04.13 08:08 B c:\mlpqSTO\res\idbdoc.ico --> cse.unl.edu /home/grad/keshwani/mlpqSTO/res idbdoc.ico
99.04.13 08:08 B c:\mlpqSTO\res\pencil.cur --> cse.unl.edu /home/grad/keshwani/mlpqSTO/res pencil.cur
99.04.13 08:09 B c:\mlpqSTO\res\Toolbar.bmp --> cse.unl.edu /home/grad/keshwani/mlpqSTO/res Toolbar.bmp
99.04.13 08:09 B c:\mlpqSTO\res\toolbar1.bmp --> cse.unl.edu /home/grad/keshwani/mlpqSTO/res toolbar1.bmp
99.04.13 12:24 B c:\mlpqSTO\res\WS_FTP.LOG <-- cse.unl.edu /home/grad/keshwani/mlpqSTO/res WS_FTP.LOG
99.04.13 19:26 B c:\mlpqSTO\res\drawtool.bmp --> cse.unl.edu /home/grad/keshwani/mlpqSTO/res drawtool.bmp
99.04.13 19:26 B c:\mlpqSTO\res\icon1.ico --> cse.unl.edu /home/grad/keshwani/mlpqSTO/res icon1.ico
99.04.13 19:26 B c:\mlpqSTO\res\idb.ico --> cse.unl.edu /home/grad/keshwani/mlpqSTO/res idb.ico
99.04.13 19:26 B c:\mlpqSTO\res\idb.rc2 --> cse.unl.edu /home/grad/keshwani/mlpqSTO/res idb.rc2
99.04.13 19:26 B c:\mlpqSTO\res\idbdoc.ico --> cse.unl.edu /home/grad/keshwani/mlpqSTO/res idbdoc.ico
99.04.13 19:26 B c:\mlpqSTO\res\pencil.cur --> cse.unl.edu /home/grad/keshwani/mlpqSTO/res pencil.cur
99.04.13 19:26 B c:\mlpqSTO\res\Toolbar.bmp --> cse.unl.edu /home/grad/keshwani/mlpqSTO/res Toolbar.bmp
99.04.13 19:26 B c:\mlpqSTO\res\toolbar1.bmp --> cse.unl.edu /home/grad/keshwani/mlpqSTO/res toolbar1.bmp
99.04.13 19:26 B c:\mlpqSTO\res\WS_FTP.LOG --> cse.unl.edu /home/grad/keshwani/mlpqSTO/res WS_FTP.LOG
99.04.15 06:55 B c:\mlpqSTO\res\drawtool.bmp --> cse.unl.edu /home/grad/keshwani/mlpqSTO/res drawtool.bmp
99.04.15 06:55 B c:\mlpqSTO\res\icon1.ico --> cse.unl.edu /home/grad/keshwani/mlpqSTO/res icon1.ico
99.04.15 06:55 B c:\mlpqSTO\res\idb.ico --> cse.unl.edu /home/grad/keshwani/mlpqSTO/res idb.ico
99.04.15 06:55 B c:\mlpqSTO\res\idb.rc2 --> cse.unl.edu /home/grad/keshwani/mlpqSTO/res idb.rc2
99.04.15 06:55 B c:\mlpqSTO\res\idbdoc.ico --> cse.unl.edu /home/grad/keshwani/mlpqSTO/res idbdoc.ico
99.04.15 06:55 B c:\mlpqSTO\res\pencil.cur --> cse.unl.edu /home/grad/keshwani/mlpqSTO/res pencil.cur
99.04.15 06:55 B c:\mlpqSTO\res\Toolbar.bmp --> cse.unl.edu /home/grad/keshwani/mlpqSTO/res Toolbar.bmp
99.04.15 06:55 B c:\mlpqSTO\res\toolbar1.bmp --> cse.unl.edu /home/grad/keshwani/mlpqSTO/res toolbar1.bmp
99.04.14 20:37 B Z:\mlpqsto\res\WS_FTP.LOG <-- Ipswitch /home/grad/keshwani/mlpqSTO/res WS_FTP.LOG
99.04.16 02:29 B Z:\mlpqsto\res\drawtool.bmp --> cse.unl.edu /home/grad/keshwani/mlpqSTO/res drawtool.bmp
99.04.16 02:29 B Z:\mlpqsto\res\icon1.ico --> cse.unl.edu /home/grad/keshwani/mlpqSTO/res icon1.ico
99.04.16 02:29 B Z:\mlpqsto\res\idb.ico --> cse.unl.edu /home/grad/keshwani/mlpqSTO/res idb.ico
99.04.16 02:29 B Z:\mlpqsto\res\idb.rc2 --> cse.unl.edu /home/grad/keshwani/mlpqSTO/res idb.rc2
99.04.16 02:29 B Z:\mlpqsto\res\idbdoc.ico --> cse.unl.edu /home/grad/keshwani/mlpqSTO/res idbdoc.ico
99.04.16 02:29 B Z:\mlpqsto\res\pencil.cur --> cse.unl.edu /home/grad/keshwani/mlpqSTO/res pencil.cur
99.04.16 02:29 B Z:\mlpqsto\res\toolbar.bmp --> cse.unl.edu /home/grad/keshwani/mlpqSTO/res toolbar.bmp
99.04.16 02:29 B Z:\mlpqsto\res\toolbar1.bmp --> cse.unl.edu /home/grad/keshwani/mlpqSTO/res toolbar1.bmp
99.04.16 02:29 B Z:\mlpqsto\res\ws_ftp.log --> cse.unl.edu /home/grad/keshwani/mlpqSTO/res ws_ftp.log
99.05.11 20:10 B Z:\mlpqsto\res\drawtool.bmp --> cse.unl.edu /home/grad/keshwani/mlpqSTO/res drawtool.bmp
99.05.11 20:10 B Z:\mlpqsto\res\icon1.ico --> cse.unl.edu /home/grad/keshwani/mlpqSTO/res icon1.ico
99.05.11 20:10 B Z:\mlpqsto\res\idb.ico --> cse.unl.edu /home/grad/keshwani/mlpqSTO/res idb.ico
99.05.11 20:10 B Z:\mlpqsto\res\idb.rc2 --> cse.unl.edu /home/grad/keshwani/mlpqSTO/res idb.rc2
99.05.11 20:10 B Z:\mlpqsto\res\idbdoc.ico --> cse.unl.edu /home/grad/keshwani/mlpqSTO/res idbdoc.ico
99.05.11 20:10 B Z:\mlpqsto\res\pencil.cur --> cse.unl.edu /home/grad/keshwani/mlpqSTO/res pencil.cur
99.05.11 20:10 B Z:\mlpqsto\res\toolbar.bmp --> cse.unl.edu /home/grad/keshwani/mlpqSTO/res toolbar.bmp
99.05.11 20:10 B Z:\mlpqsto\res\toolbar1.bmp --> cse.unl.edu /home/grad/keshwani/mlpqSTO/res toolbar1.bmp
99.05.11 20:10 B Z:\mlpqsto\res\ws_ftp.log --> cse.unl.edu /home/grad/keshwani/mlpqSTO/res ws_ftp.log
99.05.27 05:02 B z:\mlpqsto\res\drawtool.bmp --> cse.unl.edu /home/grad/keshwani/mlpqSTO/res drawtool.bmp
99.05.27 05:02 B z:\mlpqsto\res\icon1.ico --> cse.unl.edu /home/grad/keshwani/mlpqSTO/res icon1.ico
99.05.27 05:02 B z:\mlpqsto\res\idb.ico --> cse.unl.edu /home/grad/keshwani/mlpqSTO/res idb.ico
99.05.27 05:02 B z:\mlpqsto\res\idb.rc2 --> cse.unl.edu /home/grad/keshwani/mlpqSTO/res idb.rc2
99.05.27 05:02 B z:\mlpqsto\res\idbdoc.ico --> cse.unl.edu /home/grad/keshwani/mlpqSTO/res idbdoc.ico
99.05.27 05:02 B z:\mlpqsto\res\pencil.cur --> cse.unl.edu /home/grad/keshwani/mlpqSTO/res pencil.cur
99.05.27 05:02 B z:\mlpqsto\res\toolbar.bmp --> cse.unl.edu /home/grad/keshwani/mlpqSTO/res toolbar.bmp
99.05.27 05:02 B z:\mlpqsto\res\toolbar1.bmp --> cse.unl.edu /home/grad/keshwani/mlpqSTO/res toolbar1.bmp
99.05.27 15:54 B z:\mlpqsto\res\ws_ftp.log <-- cse.unl.edu /home/grad/keshwani/mlpqSTO/res ws_ftp.log
99.05.28 16:33 B Z:\mlpqsto\res\drawtool.bmp --> cse.unl.edu /home/grad/keshwani/mlpqSTO/res drawtool.bmp
99.05.28 16:33 B Z:\mlpqsto\res\icon1.ico --> cse.unl.edu /home/grad/keshwani/mlpqSTO/res icon1.ico
99.05.28 16:33 B Z:\mlpqsto\res\idb.ico --> cse.unl.edu /home/grad/keshwani/mlpqSTO/res idb.ico
99.05.28 16:33 B Z:\mlpqsto\res\idb.rc2 --> cse.unl.edu /home/grad/keshwani/mlpqSTO/res idb.rc2
99.05.28 16:33 B Z:\mlpqsto\res\idbdoc.ico --> cse.unl.edu /home/grad/keshwani/mlpqSTO/res idbdoc.ico
99.05.28 16:33 B Z:\mlpqsto\res\pencil.cur --> cse.unl.edu /home/grad/keshwani/mlpqSTO/res pencil.cur
99.05.28 16:33 B Z:\mlpqsto\res\Toolbar.bmp --> cse.unl.edu /home/grad/keshwani/mlpqSTO/res Toolbar.bmp
99.05.28 16:33 B Z:\mlpqsto\res\toolbar1.bmp --> cse.unl.edu /home/grad/keshwani/mlpqSTO/res toolbar1.bmp
99.05.28 16:33 B Z:\mlpqsto\res\ws_ftp.log --> cse.unl.edu /home/grad/keshwani/mlpqSTO/res ws_ftp.log
99.06.07 18:18 B Z:\mlpqsto\res\drawtool.bmp --> cse.unl.edu /home/grad/keshwani/mlpqSTO/res drawtool.bmp
99.06.07 18:18 B Z:\mlpqsto\res\icon1.ico --> cse.unl.edu /home/grad/keshwani/mlpqSTO/res icon1.ico
99.06.07 18:18 B Z:\mlpqsto\res\idb.ico --> cse.unl.edu /home/grad/keshwani/mlpqSTO/res idb.ico
99.06.07 18:18 B Z:\mlpqsto\res\idb.rc2 --> cse.unl.edu /home/grad/keshwani/mlpqSTO/res idb.rc2
99.06.07 18:18 B Z:\mlpqsto\res\idbdoc.ico --> cse.unl.edu /home/grad/keshwani/mlpqSTO/res idbdoc.ico
99.06.07 18:18 B Z:\mlpqsto\res\pencil.cur --> cse.unl.edu /home/grad/keshwani/mlpqSTO/res pencil.cur
99.06.07 18:18 B Z:\mlpqsto\res\Toolbar.bmp --> cse.unl.edu /home/grad/keshwani/mlpqSTO/res Toolbar.bmp
99.06.07 18:18 B Z:\mlpqsto\res\toolbar1.bmp --> cse.unl.edu /home/grad/keshwani/mlpqSTO/res toolbar1.bmp
99.06.07 18:18 B Z:\mlpqsto\res\ws_ftp.log --> cse.unl.edu /home/grad/keshwani/mlpqSTO/res ws_ftp.log
99.06.07 18:44 B z:\mlpqsto\res\drawtool.bmp --> cse.unl.edu /home/grad/keshwani/mlpqSTO/res drawtool.bmp
99.06.07 18:44 B z:\mlpqsto\res\icon1.ico --> cse.unl.edu /home/grad/keshwani/mlpqSTO/res icon1.ico
99.06.07 18:44 B z:\mlpqsto\res\idb.ico --> cse.unl.edu /home/grad/keshwani/mlpqSTO/res idb.ico
99.06.07 18:44 B z:\mlpqsto\res\idb.rc2 --> cse.unl.edu /home/grad/keshwani/mlpqSTO/res idb.rc2
99.06.07 18:44 B z:\mlpqsto\res\idbdoc.ico --> cse.unl.edu /home/grad/keshwani/mlpqSTO/res idbdoc.ico
99.06.07 18:44 B z:\mlpqsto\res\pencil.cur --> cse.unl.edu /home/grad/keshwani/mlpqSTO/res pencil.cur
99.06.07 18:44 B z:\mlpqsto\res\Toolbar.bmp --> cse.unl.edu /home/grad/keshwani/mlpqSTO/res Toolbar.bmp
99.06.07 18:44 B z:\mlpqsto\res\toolbar1.bmp --> cse.unl.edu /home/grad/keshwani/mlpqSTO/res toolbar1.bmp
99.06.07 18:44 B z:\mlpqsto\res\ws_ftp.log --> cse.unl.edu /home/grad/keshwani/mlpqSTO/res ws_ftp.log
99.06.10 14:21 B Z:\mlpqsto\res\drawtool.bmp --> cse.unl.edu /home/grad/keshwani/mlpqSTO/res drawtool.bmp
99.06.10 14:21 B Z:\mlpqsto\res\icon1.ico --> cse.unl.edu /home/grad/keshwani/mlpqSTO/res icon1.ico
99.06.10 14:21 B Z:\mlpqsto\res\idb.ico --> cse.unl.edu /home/grad/keshwani/mlpqSTO/res idb.ico
99.06.10 14:21 B Z:\mlpqsto\res\idb.rc2 --> cse.unl.edu /home/grad/keshwani/mlpqSTO/res idb.rc2
99.06.10 14:21 B Z:\mlpqsto\res\idbdoc.ico --> cse.unl.edu /home/grad/keshwani/mlpqSTO/res idbdoc.ico
99.06.10 14:21 B Z:\mlpqsto\res\pencil.cur --> cse.unl.edu /home/grad/keshwani/mlpqSTO/res pencil.cur
99.06.10 14:21 B Z:\mlpqsto\res\Toolbar.bmp --> cse.unl.edu /home/grad/keshwani/mlpqSTO/res Toolbar.bmp
99.06.10 14:21 B Z:\mlpqsto\res\toolbar1.bmp --> cse.unl.edu /home/grad/keshwani/mlpqSTO/res toolbar1.bmp
99.06.10 14:21 B Z:\mlpqsto\res\ws_ftp.log --> cse.unl.edu /home/grad/keshwani/mlpqSTO/res ws_ftp.log
99.06.10 20:53 B Z:\mlpqsto\res\drawtool.bmp --> cse.unl.edu /home/grad/keshwani/mlpqSTO/res drawtool.bmp
99.06.10 20:53 B Z:\mlpqsto\res\icon1.ico --> cse.unl.edu /home/grad/keshwani/mlpqSTO/res icon1.ico
99.06.10 20:53 B Z:\mlpqsto\res\idb.ico --> cse.unl.edu /home/grad/keshwani/mlpqSTO/res idb.ico
99.06.10 20:53 B Z:\mlpqsto\res\idb.rc2 --> cse.unl.edu /home/grad/keshwani/mlpqSTO/res idb.rc2
99.06.10 20:53 B Z:\mlpqsto\res\idbdoc.ico --> cse.unl.edu /home/grad/keshwani/mlpqSTO/res idbdoc.ico
99.06.10 20:53 B Z:\mlpqsto\res\pencil.cur --> cse.unl.edu /home/grad/keshwani/mlpqSTO/res pencil.cur
99.06.10 20:53 B Z:\mlpqsto\res\Toolbar.bmp --> cse.unl.edu /home/grad/keshwani/mlpqSTO/res Toolbar.bmp
99.06.10 20:53 B Z:\mlpqsto\res\toolbar1.bmp --> cse.unl.edu /home/grad/keshwani/mlpqSTO/res toolbar1.bmp
99.06.10 20:53 B Z:\mlpqsto\res\ws_ftp.log --> cse.unl.edu /home/grad/keshwani/mlpqSTO/res ws_ftp.log
99.06.24 15:44 B Z:\mlpqsto\res\drawtool.bmp --> cse.unl.edu /home/grad/keshwani/mlpqSTO/res drawtool.bmp
99.06.24 15:44 B Z:\mlpqsto\res\icon1.ico --> cse.unl.edu /home/grad/keshwani/mlpqSTO/res icon1.ico
99.06.24 15:44 B Z:\mlpqsto\res\idb.ico --> cse.unl.edu /home/grad/keshwani/mlpqSTO/res idb.ico
99.06.24 15:44 B Z:\mlpqsto\res\idb.rc2 --> cse.unl.edu /home/grad/keshwani/mlpqSTO/res idb.rc2
99.06.24 15:44 B Z:\mlpqsto\res\idbdoc.ico --> cse.unl.edu /home/grad/keshwani/mlpqSTO/res idbdoc.ico
99.06.24 15:44 B Z:\mlpqsto\res\pencil.cur --> cse.unl.edu /home/grad/keshwani/mlpqSTO/res pencil.cur
99.06.24 15:44 B Z:\mlpqsto\res\Toolbar.bmp --> cse.unl.edu /home/grad/keshwani/mlpqSTO/res Toolbar.bmp
99.06.24 15:44 B Z:\mlpqsto\res\toolbar1.bmp --> cse.unl.edu /home/grad/keshwani/mlpqSTO/res toolbar1.bmp
99.06.24 17:11 B Z:\mlpqsto\res\ws_ftp.log <-- cse.unl.edu /home/grad/keshwani/mlpqSTO/res ws_ftp.log
99.08.13 16:19 B Z:\mlpqsto\res\cursor1.cur --> cse.unl.edu /home/grad/keshwani/mlpqSTO/res cursor1.cur
99.08.13 16:19 B Z:\mlpqsto\res\drawtool.bmp --> cse.unl.edu /home/grad/keshwani/mlpqSTO/res drawtool.bmp
99.08.13 16:19 B Z:\mlpqsto\res\icon1.ico --> cse.unl.edu /home/grad/keshwani/mlpqSTO/res icon1.ico
99.08.13 16:19 B Z:\mlpqsto\res\idb.ico --> cse.unl.edu /home/grad/keshwani/mlpqSTO/res idb.ico
99.08.13 16:19 B Z:\mlpqsto\res\idb.rc2 --> cse.unl.edu /home/grad/keshwani/mlpqSTO/res idb.rc2
99.08.13 16:19 B Z:\mlpqsto\res\idbdoc.ico --> cse.unl.edu /home/grad/keshwani/mlpqSTO/res idbdoc.ico
99.08.13 16:19 B Z:\mlpqsto\res\pencil.cur --> cse.unl.edu /home/grad/keshwani/mlpqSTO/res pencil.cur
99.08.13 16:19 B Z:\mlpqsto\res\Toolbar.bmp --> cse.unl.edu /home/grad/keshwani/mlpqSTO/res Toolbar.bmp
99.08.13 16:19 B Z:\mlpqsto\res\toolbar1.bmp --> cse.unl.edu /home/grad/keshwani/mlpqSTO/res toolbar1.bmp
99.08.13 16:19 B Z:\mlpqsto\res\ws_ftp.log --> cse.unl.edu /home/grad/keshwani/mlpqSTO/res ws_ftp.log
99.08.13 17:07 B Z:\mlpqsto\res\cursor1.cur --> cse.unl.edu /home/grad/keshwani/backup/mlpqsto/res cursor1.cur
99.08.13 17:07 B Z:\mlpqsto\res\drawtool.bmp --> cse.unl.edu /home/grad/keshwani/backup/mlpqsto/res drawtool.bmp
99.08.13 17:07 B Z:\mlpqsto\res\icon1.ico --> cse.unl.edu /home/grad/keshwani/backup/mlpqsto/res icon1.ico
99.08.13 17:07 B Z:\mlpqsto\res\idb.ico --> cse.unl.edu /home/grad/keshwani/backup/mlpqsto/res idb.ico
99.08.13 17:07 B Z:\mlpqsto\res\idb.rc2 --> cse.unl.edu /home/grad/keshwani/backup/mlpqsto/res idb.rc2
99.08.13 17:07 B Z:\mlpqsto\res\idbdoc.ico --> cse.unl.edu /home/grad/keshwani/backup/mlpqsto/res idbdoc.ico
99.08.13 17:07 B Z:\mlpqsto\res\pencil.cur --> cse.unl.edu /home/grad/keshwani/backup/mlpqsto/res pencil.cur
99.08.13 17:07 B Z:\mlpqsto\res\Toolbar.bmp --> cse.unl.edu /home/grad/keshwani/backup/mlpqsto/res Toolbar.bmp
99.08.13 17:07 B Z:\mlpqsto\res\toolbar1.bmp --> cse.unl.edu /home/grad/keshwani/backup/mlpqsto/res toolbar1.bmp
99.08.13 17:07 B Z:\mlpqsto\res\ws_ftp.log --> cse.unl.edu /home/grad/keshwani/backup/mlpqsto/res ws_ftp.log
99.09.28 12:40 B Z:\mlpqsto\res\cursor1.cur --> cse.unl.edu /home/grad/keshwani/mlpqsto/res cursor1.cur
99.09.28 12:40 B Z:\mlpqsto\res\drawtool.bmp --> cse.unl.edu /home/grad/keshwani/mlpqsto/res drawtool.bmp
99.09.28 12:40 B Z:\mlpqsto\res\icon1.ico --> cse.unl.edu /home/grad/keshwani/mlpqsto/res icon1.ico
99.09.28 12:40 B Z:\mlpqsto\res\Icon2.ico --> cse.unl.edu /home/grad/keshwani/mlpqsto/res Icon2.ico
99.09.28 12:40 B Z:\mlpqsto\res\idb.ico --> cse.unl.edu /home/grad/keshwani/mlpqsto/res idb.ico
99.09.28 12:40 B Z:\mlpqsto\res\idb.rc2 --> cse.unl.edu /home/grad/keshwani/mlpqsto/res idb.rc2
99.09.28 12:40 B Z:\mlpqsto\res\idbdoc.ico --> cse.unl.edu /home/grad/keshwani/mlpqsto/res idbdoc.ico
99.09.28 12:40 B Z:\mlpqsto\res\nebraska.ico --> cse.unl.edu /home/grad/keshwani/mlpqsto/res nebraska.ico
99.09.28 12:40 B Z:\mlpqsto\res\pencil.cur --> cse.unl.edu /home/grad/keshwani/mlpqsto/res pencil.cur
99.09.28 12:40 B Z:\mlpqsto\res\Toolbar.bmp --> cse.unl.edu /home/grad/keshwani/mlpqsto/res Toolbar.bmp
99.09.28 12:40 B Z:\mlpqsto\res\toolbar1.bmp --> cse.unl.edu /home/grad/keshwani/mlpqsto/res toolbar1.bmp
99.09.28 12:40 B Z:\mlpqsto\res\ws_ftp.log --> cse.unl.edu /home/grad/keshwani/mlpqsto/res ws_ftp.log
